Added Component: Designator=U6(DWM1001)
Add component. Clean all parameters for all variants
Added Pin To Net: NetName=GND Pin=U6-1
Added Pin To Net: NetName=DWM_SWCLK Pin=U6-2
Added Pin To Net: NetName=DWM_SWDIO Pin=U6-3
Added Pin To Net: NetName=NetD7_1 Pin=U6-7
Added Pin To Net: NetName=NetD8_1 Pin=U6-8
Added Pin To Net: NetName=NetD9_1 Pin=U6-9
Added Pin To Net: NetName=NetD10_1 Pin=U6-10
Added Pin To Net: NetName=GND Pin=U6-11
Added Pin To Net: NetName=3V3_DWM_M Pin=U6-12
Added Pin To Net: NetName=NetU6_18 Pin=U6-18
Added Pin To Net: NetName=NetU6_19 Pin=U6-19
Added Pin To Net: NetName=NetU6_20 Pin=U6-20
Added Pin To Net: NetName=DWM_SDA Pin=U6-23
Added Pin To Net: NetName=GND Pin=U6-24
Added Pin To Net: NetName=DWM_SCL Pin=U6-25
Added Pin To Net: NetName=DWM_SPI_MISO Pin=U6-26
Added Pin To Net: NetName=DWM_SPI_MOSI Pin=U6-27
Added Pin To Net: NetName=DWM_SPI_CLK Pin=U6-28
Added Pin To Net: NetName=DWM_SPI_CSn Pin=U6-29
Added Pin To Net: NetName=DWM_TX_LED Pin=U6-30
Added Pin To Net: NetName=DWM_RX_LED Pin=U6-31
Added Pin To Net: NetName=DWM_BLE_WK Pin=U6-32
Added Pin To Net: NetName=DWM_nRST Pin=U6-33
Added Pin To Net: NetName=GND Pin=U6-34
Added Member To Class: ClassName=Decawave Member=Component U6 DWM1001
