Added Component: Designator=C20(CAP-SM-0805)
Add component. Clean all parameters for all variants
Add component (AddParameter): Name = "Local Supplier"; Value = "thegioiic"; VariantName = "[No Variations]"
Add component (AddParameter): Name = "Local Supplier Link"; Value = "https://thegioiic.com/products/tu-100nf-0-1uf-50v-0805"; VariantName = "[No Variations]"
Add component (AddParameter): Name = "Manufacturer"; Value = "Samsung Electro-Mechanics"; VariantName = "[No Variations]"
Add component (AddParameter): Name = "Manufacturer Part Number"; Value = "CL21F104ZBCNNNC"; VariantName = "[No Variations]"
Add component (AddParameter): Name = "Supplier 1"; Value = "Digikey"; VariantName = "[No Variations]"
Add component (AddParameter): Name = "Supplier 1 Link"; Value = "https://www.digikey.com/product-detail/en/samsung-electro-mechanics/CL21F104ZBCNNNC/1276-1007-1-ND/3889093"; VariantName = "[No Variations]"
Add component (AddParameter): Name = "Supplier 1 Part Number"; Value = "1276-1007-1-ND"; VariantName = "[No Variations]"
Add component (AddParameter): Name = "Value"; Value = "100nF/50V"; VariantName = "[No Variations]"
Added Component: Designator=C21(CAP-SM-0805)
Add component. Clean all parameters for all variants
Add component (AddParameter): Name = "Local Supplier"; Value = "thegioiic"; VariantName = "[No Variations]"
Add component (AddParameter): Name = "Local Supplier Link"; Value = "https://thegioiic.com/products/tu-100nf-0-1uf-50v-0805"; VariantName = "[No Variations]"
Add component (AddParameter): Name = "Manufacturer"; Value = "Samsung Electro-Mechanics"; VariantName = "[No Variations]"
Add component (AddParameter): Name = "Manufacturer Part Number"; Value = "CL21F104ZBCNNNC"; VariantName = "[No Variations]"
Add component (AddParameter): Name = "Supplier 1"; Value = "Digikey"; VariantName = "[No Variations]"
Add component (AddParameter): Name = "Supplier 1 Link"; Value = "https://www.digikey.com/product-detail/en/samsung-electro-mechanics/CL21F104ZBCNNNC/1276-1007-1-ND/3889093"; VariantName = "[No Variations]"
Add component (AddParameter): Name = "Supplier 1 Part Number"; Value = "1276-1007-1-ND"; VariantName = "[No Variations]"
Add component (AddParameter): Name = "Value"; Value = "100nF/50V"; VariantName = "[No Variations]"
Added Component: Designator=C22(CAP-SM-0805)
Add component. Clean all parameters for all variants
Add component (AddParameter): Name = "Local Supplier"; Value = "thegioiic"; VariantName = "[No Variations]"
Add component (AddParameter): Name = "Local Supplier Link"; Value = "https://thegioiic.com/products/tu-100nf-0-1uf-50v-0805"; VariantName = "[No Variations]"
Add component (AddParameter): Name = "Manufacturer"; Value = "Samsung Electro-Mechanics"; VariantName = "[No Variations]"
Add component (AddParameter): Name = "Manufacturer Part Number"; Value = "CL21F104ZBCNNNC"; VariantName = "[No Variations]"
Add component (AddParameter): Name = "Supplier 1"; Value = "Digikey"; VariantName = "[No Variations]"
Add component (AddParameter): Name = "Supplier 1 Link"; Value = "https://www.digikey.com/product-detail/en/samsung-electro-mechanics/CL21F104ZBCNNNC/1276-1007-1-ND/3889093"; VariantName = "[No Variations]"
Add component (AddParameter): Name = "Supplier 1 Part Number"; Value = "1276-1007-1-ND"; VariantName = "[No Variations]"
Add component (AddParameter): Name = "Value"; Value = "100nF/50V"; VariantName = "[No Variations]"
Added Component: Designator=C23(CAP-SM-0805)
Add component. Clean all parameters for all variants
Add component (AddParameter): Name = "Local Supplier"; Value = "thegioiic"; VariantName = "[No Variations]"
Add component (AddParameter): Name = "Local Supplier Link"; Value = "https://thegioiic.com/products/tu-100nf-0-1uf-50v-0805"; VariantName = "[No Variations]"
Add component (AddParameter): Name = "Manufacturer"; Value = "Samsung Electro-Mechanics"; VariantName = "[No Variations]"
Add component (AddParameter): Name = "Manufacturer Part Number"; Value = "CL21F104ZBCNNNC"; VariantName = "[No Variations]"
Add component (AddParameter): Name = "Supplier 1"; Value = "Digikey"; VariantName = "[No Variations]"
Add component (AddParameter): Name = "Supplier 1 Link"; Value = "https://www.digikey.com/product-detail/en/samsung-electro-mechanics/CL21F104ZBCNNNC/1276-1007-1-ND/3889093"; VariantName = "[No Variations]"
Add component (AddParameter): Name = "Supplier 1 Part Number"; Value = "1276-1007-1-ND"; VariantName = "[No Variations]"
Add component (AddParameter): Name = "Value"; Value = "100nF/50V"; VariantName = "[No Variations]"
Added Component: Designator=C24(CAP-SM-0805)
Add component. Clean all parameters for all variants
Add component (AddParameter): Name = "Local Supplier"; Value = "thegioiic"; VariantName = "[No Variations]"
Add component (AddParameter): Name = "Local Supplier Link"; Value = "https://thegioiic.com/products/tu-100nf-0-1uf-50v-0805"; VariantName = "[No Variations]"
Add component (AddParameter): Name = "Manufacturer"; Value = "Samsung Electro-Mechanics"; VariantName = "[No Variations]"
Add component (AddParameter): Name = "Manufacturer Part Number"; Value = "CL21F104ZBCNNNC"; VariantName = "[No Variations]"
Add component (AddParameter): Name = "Supplier 1"; Value = "Digikey"; VariantName = "[No Variations]"
Add component (AddParameter): Name = "Supplier 1 Link"; Value = "https://www.digikey.com/product-detail/en/samsung-electro-mechanics/CL21F104ZBCNNNC/1276-1007-1-ND/3889093"; VariantName = "[No Variations]"
Add component (AddParameter): Name = "Supplier 1 Part Number"; Value = "1276-1007-1-ND"; VariantName = "[No Variations]"
Add component (AddParameter): Name = "Value"; Value = "100nF/50V"; VariantName = "[No Variations]"
Added Component: Designator=C25(TAJB_AVX)
Add component. Clean all parameters for all variants
Add component (AddParameter): Name = "Built_By"; Value = "EMA_UL_Team"; VariantName = "[No Variations]"
Add component (AddParameter): Name = "Copyright"; Value = "Copyright (C) 2018 Accelerated Designs. All rights reserved"; VariantName = "[No Variations]"
Add component (AddParameter): Name = "Manufacturer_Part_Number"; Value = "TAJB107M006RNJ"; VariantName = "[No Variations]"
Add component (AddParameter): Name = "RefDes"; Value = "RefDes"; VariantName = "[No Variations]"
Add component (AddParameter): Name = "SourceLibrary"; Value = "AVX_2015-1-12"; VariantName = "[No Variations]"
Add component (AddParameter): Name = "Type"; Value = "DEV"; VariantName = "[No Variations]"
Add component (AddParameter): Name = "Vendor"; Value = "AVX Corporation"; VariantName = "[No Variations]"
Added Component: Designator=C26(CAP-SM-0805)
Add component. Clean all parameters for all variants
Add component (AddParameter): Name = "Local Supplier"; Value = "thegioiic"; VariantName = "[No Variations]"
Add component (AddParameter): Name = "Local Supplier Link"; Value = "https://thegioiic.com/products/tu-100nf-0-1uf-50v-0805"; VariantName = "[No Variations]"
Add component (AddParameter): Name = "Manufacturer"; Value = "Samsung Electro-Mechanics"; VariantName = "[No Variations]"
Add component (AddParameter): Name = "Manufacturer Part Number"; Value = "CL21F104ZBCNNNC"; VariantName = "[No Variations]"
Add component (AddParameter): Name = "Supplier 1"; Value = "Digikey"; VariantName = "[No Variations]"
Add component (AddParameter): Name = "Supplier 1 Link"; Value = "https://www.digikey.com/product-detail/en/samsung-electro-mechanics/CL21F104ZBCNNNC/1276-1007-1-ND/3889093"; VariantName = "[No Variations]"
Add component (AddParameter): Name = "Supplier 1 Part Number"; Value = "1276-1007-1-ND"; VariantName = "[No Variations]"
Add component (AddParameter): Name = "Value"; Value = "100nF/50V"; VariantName = "[No Variations]"
Added Component: Designator=C27(CAP-SM-0805)
Add component. Clean all parameters for all variants
Add component (AddParameter): Name = "Local Supplier"; Value = "thegioiic"; VariantName = "[No Variations]"
Add component (AddParameter): Name = "Local Supplier Link"; Value = "https://thegioiic.com/products/tu-10uf-50v-0805"; VariantName = "[No Variations]"
Add component (AddParameter): Name = "Manufacturer"; Value = "Yageo"; VariantName = "[No Variations]"
Add component (AddParameter): Name = "Manufacturer Part Number"; Value = "CC0805KKX5R9BB106"; VariantName = "[No Variations]"
Add component (AddParameter): Name = "Supplier 1"; Value = "Digikey"; VariantName = "[No Variations]"
Add component (AddParameter): Name = "Supplier 1 Link"; Value = "https://www.digikey.com/product-detail/en/yageo/CC0805KKX5R9BB106/311-3499-2-ND/7164383"; VariantName = "[No Variations]"
Add component (AddParameter): Name = "Supplier 1 Part Number"; Value = "311-3499-2-ND"; VariantName = "[No Variations]"
Add component (AddParameter): Name = "Value"; Value = "10uF/50V"; VariantName = "[No Variations]"
Added Component: Designator=C28(CAP-SM-0805)
Add component. Clean all parameters for all variants
Add component (AddParameter): Name = "Local Supplier"; Value = "thegioiic"; VariantName = "[No Variations]"
Add component (AddParameter): Name = "Local Supplier Link"; Value = "https://thegioiic.com/products/tu-100nf-0-1uf-50v-0805"; VariantName = "[No Variations]"
Add component (AddParameter): Name = "Manufacturer"; Value = "Samsung Electro-Mechanics"; VariantName = "[No Variations]"
Add component (AddParameter): Name = "Manufacturer Part Number"; Value = "CL21F104ZBCNNNC"; VariantName = "[No Variations]"
Add component (AddParameter): Name = "Supplier 1"; Value = "Digikey"; VariantName = "[No Variations]"
Add component (AddParameter): Name = "Supplier 1 Link"; Value = "https://www.digikey.com/product-detail/en/samsung-electro-mechanics/CL21F104ZBCNNNC/1276-1007-1-ND/3889093"; VariantName = "[No Variations]"
Add component (AddParameter): Name = "Supplier 1 Part Number"; Value = "1276-1007-1-ND"; VariantName = "[No Variations]"
Add component (AddParameter): Name = "Value"; Value = "100nF/50V"; VariantName = "[No Variations]"
Added Component: Designator=C29(CAP-SM-0805)
Add component. Clean all parameters for all variants
Add component (AddParameter): Name = "Local Supplier"; Value = "thegioiic"; VariantName = "[No Variations]"
Add component (AddParameter): Name = "Local Supplier Link"; Value = "https://thegioiic.com/products/tu-10uf-50v-0805"; VariantName = "[No Variations]"
Add component (AddParameter): Name = "Manufacturer"; Value = "Yageo"; VariantName = "[No Variations]"
Add component (AddParameter): Name = "Manufacturer Part Number"; Value = "CC0805KKX5R9BB106"; VariantName = "[No Variations]"
Add component (AddParameter): Name = "Supplier 1"; Value = "Digikey"; VariantName = "[No Variations]"
Add component (AddParameter): Name = "Supplier 1 Link"; Value = "https://www.digikey.com/product-detail/en/yageo/CC0805KKX5R9BB106/311-3499-2-ND/7164383"; VariantName = "[No Variations]"
Add component (AddParameter): Name = "Supplier 1 Part Number"; Value = "311-3499-2-ND"; VariantName = "[No Variations]"
Add component (AddParameter): Name = "Value"; Value = "10uF/50V"; VariantName = "[No Variations]"
Added Component: Designator=C30(CAP-SM-0805)
Add component. Clean all parameters for all variants
Add component (AddParameter): Name = "Local Supplier"; Value = "thegioiic"; VariantName = "[No Variations]"
Add component (AddParameter): Name = "Local Supplier Link"; Value = "https://thegioiic.com/products/tu-100nf-0-1uf-50v-0805"; VariantName = "[No Variations]"
Add component (AddParameter): Name = "Manufacturer"; Value = "Samsung Electro-Mechanics"; VariantName = "[No Variations]"
Add component (AddParameter): Name = "Manufacturer Part Number"; Value = "CL21F104ZBCNNNC"; VariantName = "[No Variations]"
Add component (AddParameter): Name = "Supplier 1"; Value = "Digikey"; VariantName = "[No Variations]"
Add component (AddParameter): Name = "Supplier 1 Link"; Value = "https://www.digikey.com/product-detail/en/samsung-electro-mechanics/CL21F104ZBCNNNC/1276-1007-1-ND/3889093"; VariantName = "[No Variations]"
Add component (AddParameter): Name = "Supplier 1 Part Number"; Value = "1276-1007-1-ND"; VariantName = "[No Variations]"
Add component (AddParameter): Name = "Value"; Value = "100nF/50V"; VariantName = "[No Variations]"
Added Component: Designator=C32(CAP-SM-0805)
Add component. Clean all parameters for all variants
Add component (AddParameter): Name = "Local Supplier"; Value = "thegioiic"; VariantName = "[No Variations]"
Add component (AddParameter): Name = "Local Supplier Link"; Value = "https://thegioiic.com/products/tu-100nf-0-1uf-50v-0805"; VariantName = "[No Variations]"
Add component (AddParameter): Name = "Manufacturer"; Value = "Samsung Electro-Mechanics"; VariantName = "[No Variations]"
Add component (AddParameter): Name = "Manufacturer Part Number"; Value = "CL21F104ZBCNNNC"; VariantName = "[No Variations]"
Add component (AddParameter): Name = "Supplier 1"; Value = "Digikey"; VariantName = "[No Variations]"
Add component (AddParameter): Name = "Supplier 1 Link"; Value = "https://www.digikey.com/product-detail/en/samsung-electro-mechanics/CL21F104ZBCNNNC/1276-1007-1-ND/3889093"; VariantName = "[No Variations]"
Add component (AddParameter): Name = "Supplier 1 Part Number"; Value = "1276-1007-1-ND"; VariantName = "[No Variations]"
Add component (AddParameter): Name = "Value"; Value = "100nF/50V"; VariantName = "[No Variations]"
Added Component: Designator=C33(CAP-SM-0805)
Add component. Clean all parameters for all variants
Add component (AddParameter): Name = "Local Supplier"; Value = "thegioiic"; VariantName = "[No Variations]"
Add component (AddParameter): Name = "Local Supplier Link"; Value = "https://thegioiic.com/products/tu-100nf-0-1uf-50v-0805"; VariantName = "[No Variations]"
Add component (AddParameter): Name = "Manufacturer"; Value = "Samsung Electro-Mechanics"; VariantName = "[No Variations]"
Add component (AddParameter): Name = "Manufacturer Part Number"; Value = "CL21F104ZBCNNNC"; VariantName = "[No Variations]"
Add component (AddParameter): Name = "Supplier 1"; Value = "Digikey"; VariantName = "[No Variations]"
Add component (AddParameter): Name = "Supplier 1 Link"; Value = "https://www.digikey.com/product-detail/en/samsung-electro-mechanics/CL21F104ZBCNNNC/1276-1007-1-ND/3889093"; VariantName = "[No Variations]"
Add component (AddParameter): Name = "Supplier 1 Part Number"; Value = "1276-1007-1-ND"; VariantName = "[No Variations]"
Add component (AddParameter): Name = "Value"; Value = "100nF/50V"; VariantName = "[No Variations]"
Added Component: Designator=D2(LED-3mm)
Add component. Clean all parameters for all variants
Add component (AddParameter): Name = "Local Supplier"; Value = "thegioiic"; VariantName = "[No Variations]"
Add component (AddParameter): Name = "Local Supplier Link"; Value = "https://thegioiic.com/products/led-xanh-la-3mm-chan-dai"; VariantName = "[No Variations]"
Add component (AddParameter): Name = "Manufacturer"; Value = "Kingbright"; VariantName = "[No Variations]"
Add component (AddParameter): Name = "Manufacturer Part Number"; Value = "WP710A10ZGC/G"; VariantName = "[No Variations]"
Add component (AddParameter): Name = "Supplier 1"; Value = "Digikey"; VariantName = "[No Variations]"
Add component (AddParameter): Name = "Supplier 1 Link"; Value = "https://www.digikey.com/product-detail/en/kingbright/WP710A10ZGC-G/754-1612-ND/2769684"; VariantName = "[No Variations]"
Add component (AddParameter): Name = "Supplier 1 Part Number"; Value = "754-1612-ND"; VariantName = "[No Variations]"
Add component (AddParameter): Name = "Value"; Value = "Bright Green,2V"; VariantName = "[No Variations]"
Added Component: Designator=D3(LED-3mm)
Add component. Clean all parameters for all variants
Add component (AddParameter): Name = "Local Supplier"; Value = "thegioiic"; VariantName = "[No Variations]"
Add component (AddParameter): Name = "Local Supplier Link"; Value = "https://thegioiic.com/products/led-xanh-duong-3mm-chan-dai"; VariantName = "[No Variations]"
Add component (AddParameter): Name = "Manufacturer"; Value = "Kingbright"; VariantName = "[No Variations]"
Add component (AddParameter): Name = "Manufacturer Part Number"; Value = "WP710A10QBC/D"; VariantName = "[No Variations]"
Add component (AddParameter): Name = "Supplier 1"; Value = "Digikey"; VariantName = "[No Variations]"
Add component (AddParameter): Name = "Supplier 1 Link"; Value = "https://www.digikey.com/product-detail/en/kingbright/WP710A10QBC-D/754-1596-ND/2769812"; VariantName = "[No Variations]"
Add component (AddParameter): Name = "Supplier 1 Part Number"; Value = "754-1596-ND"; VariantName = "[No Variations]"
Add component (AddParameter): Name = "Value"; Value = "Blue,2V"; VariantName = "[No Variations]"
Added Component: Designator=D4(LED-3mm)
Add component. Clean all parameters for all variants
Add component (AddParameter): Name = "Local Supplier"; Value = "thegioiic"; VariantName = "[No Variations]"
Add component (AddParameter): Name = "Local Supplier Link"; Value = "https://thegioiic.com/products/led-do-3mm-chan-dai"; VariantName = "[No Variations]"
Add component (AddParameter): Name = "Manufacturer"; Value = "Kingbright"; VariantName = "[No Variations]"
Add component (AddParameter): Name = "Manufacturer Part Number"; Value = "WP710A10SEC/J3"; VariantName = "[No Variations]"
Add component (AddParameter): Name = "Supplier 1"; Value = "Digikey"; VariantName = "[No Variations]"
Add component (AddParameter): Name = "Supplier 1 Link"; Value = "https://www.digikey.com/product-detail/en/kingbright/WP710A10SEC-J3/754-1589-ND/2769815"; VariantName = "[No Variations]"
Add component (AddParameter): Name = "Supplier 1 Part Number"; Value = "754-1589-ND"; VariantName = "[No Variations]"
Add component (AddParameter): Name = "Value"; Value = "Red,2V"; VariantName = "[No Variations]"
Added Component: Designator=D5(LED-3mm)
Add component. Clean all parameters for all variants
Add component (AddParameter): Name = "Local Supplier"; Value = "thegioiic"; VariantName = "[No Variations]"
Add component (AddParameter): Name = "Local Supplier Link"; Value = "https://thegioiic.com/products/led-do-3mm-chan-dai"; VariantName = "[No Variations]"
Add component (AddParameter): Name = "Manufacturer"; Value = "Kingbright"; VariantName = "[No Variations]"
Add component (AddParameter): Name = "Manufacturer Part Number"; Value = "WP710A10SEC/J3"; VariantName = "[No Variations]"
Add component (AddParameter): Name = "Supplier 1"; Value = "Digikey"; VariantName = "[No Variations]"
Add component (AddParameter): Name = "Supplier 1 Link"; Value = "https://www.digikey.com/product-detail/en/kingbright/WP710A10SEC-J3/754-1589-ND/2769815"; VariantName = "[No Variations]"
Add component (AddParameter): Name = "Supplier 1 Part Number"; Value = "754-1589-ND"; VariantName = "[No Variations]"
Add component (AddParameter): Name = "Value"; Value = "Red,2V"; VariantName = "[No Variations]"
Added Component: Designator=D11(LED-3mm)
Add component. Clean all parameters for all variants
Add component (AddParameter): Name = "Local Supplier"; Value = "thegioiic"; VariantName = "[No Variations]"
Add component (AddParameter): Name = "Local Supplier Link"; Value = "https://thegioiic.com/products/led-do-3mm-chan-dai"; VariantName = "[No Variations]"
Add component (AddParameter): Name = "Manufacturer"; Value = "Kingbright"; VariantName = "[No Variations]"
Add component (AddParameter): Name = "Manufacturer Part Number"; Value = "WP710A10SEC/J3"; VariantName = "[No Variations]"
Add component (AddParameter): Name = "Supplier 1"; Value = "Digikey"; VariantName = "[No Variations]"
Add component (AddParameter): Name = "Supplier 1 Link"; Value = "https://www.digikey.com/product-detail/en/kingbright/WP710A10SEC-J3/754-1589-ND/2769815"; VariantName = "[No Variations]"
Add component (AddParameter): Name = "Supplier 1 Part Number"; Value = "754-1589-ND"; VariantName = "[No Variations]"
Add component (AddParameter): Name = "Value"; Value = "Red,2V"; VariantName = "[No Variations]"
Added Component: Designator=D12(LED-3mm)
Add component. Clean all parameters for all variants
Add component (AddParameter): Name = "Local Supplier"; Value = "thegioiic"; VariantName = "[No Variations]"
Add component (AddParameter): Name = "Local Supplier Link"; Value = "https://thegioiic.com/products/led-do-3mm-chan-dai"; VariantName = "[No Variations]"
Add component (AddParameter): Name = "Manufacturer"; Value = "Kingbright"; VariantName = "[No Variations]"
Add component (AddParameter): Name = "Manufacturer Part Number"; Value = "WP710A10SEC/J3"; VariantName = "[No Variations]"
Add component (AddParameter): Name = "Supplier 1"; Value = "Digikey"; VariantName = "[No Variations]"
Add component (AddParameter): Name = "Supplier 1 Link"; Value = "https://www.digikey.com/product-detail/en/kingbright/WP710A10SEC-J3/754-1589-ND/2769815"; VariantName = "[No Variations]"
Add component (AddParameter): Name = "Supplier 1 Part Number"; Value = "754-1589-ND"; VariantName = "[No Variations]"
Add component (AddParameter): Name = "Value"; Value = "Red.2V"; VariantName = "[No Variations]"
Added Component: Designator=J2(CONN_105017-0001)
Add component. Clean all parameters for all variants
Add component (AddParameter): Name = "Built_By"; Value = "EMA_Cory"; VariantName = "[No Variations]"
Add component (AddParameter): Name = "Copyright"; Value = "Copyright (C) 2018 Accelerated Designs. All rights reserved"; VariantName = "[No Variations]"
Add component (AddParameter): Name = "Datasheet"; Value = "https://www.molex.com/pdm_docs/sd/1050170001_sd.pdf"; VariantName = "[No Variations]"
Add component (AddParameter): Name = "Manufacturer_Part_Number"; Value = "105017-0001"; VariantName = "[No Variations]"
Add component (AddParameter): Name = "RefDes"; Value = "RefDes"; VariantName = "[No Variations]"
Add component (AddParameter): Name = "SourceLibrary"; Value = "Molex_2020-05-26"; VariantName = "[No Variations]"
Add component (AddParameter): Name = "Type"; Value = "DEV"; VariantName = "[No Variations]"
Add component (AddParameter): Name = "Vendor"; Value = "Molex Connector Corporation"; VariantName = "[No Variations]"
Added Component: Designator=M4(HC-05-06-TH)
Add component. Clean all parameters for all variants
Add component (AddParameter): Name = "Local Supplier"; Value = "HShop"; VariantName = "[No Variations]"
Add component (AddParameter): Name = "Local Supplier Link"; Value = "https://hshop.vn/products/mach-thu-phat-bluetooth-hc-05-do-ra-chon-master"; VariantName = "[No Variations]"
Add component (AddParameter): Name = "Local Supplier Part Number"; Value = "HS000882"; VariantName = "[No Variations]"
Add component (AddParameter): Name = "Manufacturer"; Value = ""; VariantName = "[No Variations]"
Add component (AddParameter): Name = "Manufacturer Part Number"; Value = ""; VariantName = "[No Variations]"
Added Component: Designator=M5(HC-05-06-SMD)
Add component. Clean all parameters for all variants
Add component (AddParameter): Name = "Local Supplier"; Value = "HShop"; VariantName = "[No Variations]"
Add component (AddParameter): Name = "Local Supplier Link"; Value = "https://hshop.vn/products/mach-thu-phat-bluetooth-hc-05-chua-ra-chon-master"; VariantName = "[No Variations]"
Add component (AddParameter): Name = "Local Supplier Part Number"; Value = "HS000881"; VariantName = "[No Variations]"
Add component (AddParameter): Name = "Manufacturer"; Value = ""; VariantName = "[No Variations]"
Add component (AddParameter): Name = "Manufacturer Part Number"; Value = ""; VariantName = "[No Variations]"
Added Component: Designator=M6(NRF24L01)
Add component. Clean all parameters for all variants
Add component (AddParameter): Name = "Local Supplier"; Value = "HShop"; VariantName = "[No Variations]"
Add component (AddParameter): Name = "Local Supplier Link"; Value = "https://hshop.vn/products/mach-thu-phat-nrf24l01-pa-2-4ghzcu-khech-dai-cung-suat-thu-phat"; VariantName = "[No Variations]"
Add component (AddParameter): Name = "Local Supplier Part Number"; Value = "HS000888"; VariantName = "[No Variations]"
Add component (AddParameter): Name = "Manufacturer"; Value = ""; VariantName = "[No Variations]"
Add component (AddParameter): Name = "Manufacturer Part Number"; Value = ""; VariantName = "[No Variations]"
Added Component: Designator=M7(LC12S)
Add component. Clean all parameters for all variants
Add component (AddParameter): Name = "Local Supplier"; Value = "HShop"; VariantName = "[No Variations]"
Add component (AddParameter): Name = "Local Supplier Link"; Value = "https://hshop.vn/products/mach-thu-phat-rf-uart-lc12s-2-4ghz"; VariantName = "[No Variations]"
Add component (AddParameter): Name = "Local Supplier Part Number"; Value = "HS000895"; VariantName = "[No Variations]"
Add component (AddParameter): Name = "Manufacturer"; Value = ""; VariantName = "[No Variations]"
Add component (AddParameter): Name = "Manufacturer Part Number"; Value = ""; VariantName = "[No Variations]"
Added Component: Designator=M8(HC12)
Add component. Clean all parameters for all variants
Add component (AddParameter): Name = "Local Supplier"; Value = "HShop"; VariantName = "[No Variations]"
Add component (AddParameter): Name = "Local Supplier Link"; Value = "https://hshop.vn/products/mach-thu-phat-rf-uart-si4463-433mhzkhoang-coch-1km"; VariantName = "[No Variations]"
Add component (AddParameter): Name = "Local Supplier Part Number"; Value = "HS000897"; VariantName = "[No Variations]"
Add component (AddParameter): Name = "Manufactuer Part Number"; Value = ""; VariantName = "[No Variations]"
Add component (AddParameter): Name = "Manufacturer"; Value = ""; VariantName = "[No Variations]"
Added Component: Designator=M9(HOLYBRO RADIO)
Add component. Clean all parameters for all variants
Add component (AddParameter): Name = "Manufacturer"; Value = ""; VariantName = "[No Variations]"
Add component (AddParameter): Name = "Manufacturer Part Number"; Value = ""; VariantName = "[No Variations]"
Add component (AddParameter): Name = "Supplier"; Value = ""; VariantName = "[No Variations]"
Add component (AddParameter): Name = "Supploer Link"; Value = "https://www.lazada.vn/products/ld-holybro-433mhz-915-mhz-500-mw-thu-phat-vo-tuyen-xa-bo-v3-cho-pixhawk-4-dieu-khien-chuyen-bay-i430804435-s768474304.html?spm=a2o4n.searchlist.list.4.25396b19yIS9XO&search=1"; VariantName = "[No Variations]"
Add component (AddParameter): Name = "Supploer Part Number"; Value = ""; VariantName = "[No Variations]"
Added Component: Designator=M10(ESP8266-12F)
Add component. Clean all parameters for all variants
Add component (AddParameter): Name = "Local Supplier"; Value = "HShop"; VariantName = "[No Variations]"
Add component (AddParameter): Name = "Local Supplier Link"; Value = "https://hshop.vn/products/mach-thu-phat-wifi-soc-esp8266-v12"; VariantName = "[No Variations]"
Add component (AddParameter): Name = "Local Supplier Link Part Number"; Value = "HS000912"; VariantName = "[No Variations]"
Add component (AddParameter): Name = "Manufacturer"; Value = ""; VariantName = "[No Variations]"
Add component (AddParameter): Name = "Manufacturer Part Number"; Value = ""; VariantName = "[No Variations]"
Added Component: Designator=P16(JP3)
Add component. Clean all parameters for all variants
Add component (AddParameter): Name = "LatestRevisionDate"; Value = "17-Jul-2002"; VariantName = "[No Variations]"
Add component (AddParameter): Name = "LatestRevisionNote"; Value = "Re-released for DXP Platform."; VariantName = "[No Variations]"
Add component (AddParameter): Name = "Publisher"; Value = "Altium Limited"; VariantName = "[No Variations]"
Added Component: Designator=P17(JP3)
Add component. Clean all parameters for all variants
Add component (AddParameter): Name = "LatestRevisionDate"; Value = "17-Jul-2002"; VariantName = "[No Variations]"
Add component (AddParameter): Name = "LatestRevisionNote"; Value = "Re-released for DXP Platform."; VariantName = "[No Variations]"
Add component (AddParameter): Name = "Publisher"; Value = "Altium Limited"; VariantName = "[No Variations]"
Added Component: Designator=P18(JP6)
Add component. Clean all parameters for all variants
Add component (AddParameter): Name = "LatestRevisionDate"; Value = "17-Jul-2002"; VariantName = "[No Variations]"
Add component (AddParameter): Name = "LatestRevisionNote"; Value = "Re-released for DXP Platform."; VariantName = "[No Variations]"
Add component (AddParameter): Name = "Publisher"; Value = "Altium Limited"; VariantName = "[No Variations]"
Added Component: Designator=P19(JP2)
Add component. Clean all parameters for all variants
Add component (AddParameter): Name = "LatestRevisionDate"; Value = "17-Jul-2002"; VariantName = "[No Variations]"
Add component (AddParameter): Name = "LatestRevisionNote"; Value = "Re-released for DXP Platform."; VariantName = "[No Variations]"
Add component (AddParameter): Name = "Publisher"; Value = "Altium Limited"; VariantName = "[No Variations]"
Added Component: Designator=P25(JP4)
Add component. Clean all parameters for all variants
Add component (AddParameter): Name = "LatestRevisionDate"; Value = "17-Jul-2002"; VariantName = "[No Variations]"
Add component (AddParameter): Name = "LatestRevisionNote"; Value = "Re-released for DXP Platform."; VariantName = "[No Variations]"
Add component (AddParameter): Name = "Publisher"; Value = "Altium Limited"; VariantName = "[No Variations]"
Added Component: Designator=R17(RES-SM-0805)
Add component. Clean all parameters for all variants
Add component (AddParameter): Name = "Local Supplier"; Value = "thegioiic"; VariantName = "[No Variations]"
Add component (AddParameter): Name = "Local Supplier Link"; Value = "https://www.thegioiic.com/products/dien-tro-470-kohm-0805-5"; VariantName = "[No Variations]"
Add component (AddParameter): Name = "Manufacturer"; Value = "YAG6006CT-ND"; VariantName = "[No Variations]"
Add component (AddParameter): Name = "Manufacturer Part Number"; Value = "PE0805FRF7W0R047L"; VariantName = "[No Variations]"
Add component (AddParameter): Name = "Supplier 1"; Value = "Digikey"; VariantName = "[No Variations]"
Add component (AddParameter): Name = "Supplier 1 Link"; Value = "https://www.digikey.com/product-detail/en/yageo/PE0805FRF7W0R047L/YAG6006CT-ND/9696460"; VariantName = "[No Variations]"
Add component (AddParameter): Name = "Supplier 1 Part Number"; Value = "YAG6006CT-ND"; VariantName = "[No Variations]"
Add component (AddParameter): Name = "Value"; Value = "470"; VariantName = "[No Variations]"
Added Component: Designator=R18(RES-SM-0805)
Add component. Clean all parameters for all variants
Add component (AddParameter): Name = "Local Supplier"; Value = "thegioiic"; VariantName = "[No Variations]"
Add component (AddParameter): Name = "Local Supplier Link"; Value = "https://www.thegioiic.com/products/dien-tro-470-kohm-0805-5"; VariantName = "[No Variations]"
Add component (AddParameter): Name = "Manufacturer"; Value = "YAG6006CT-ND"; VariantName = "[No Variations]"
Add component (AddParameter): Name = "Manufacturer Part Number"; Value = "PE0805FRF7W0R047L"; VariantName = "[No Variations]"
Add component (AddParameter): Name = "Supplier 1"; Value = "Digikey"; VariantName = "[No Variations]"
Add component (AddParameter): Name = "Supplier 1 Link"; Value = "https://www.digikey.com/product-detail/en/yageo/PE0805FRF7W0R047L/YAG6006CT-ND/9696460"; VariantName = "[No Variations]"
Add component (AddParameter): Name = "Supplier 1 Part Number"; Value = "YAG6006CT-ND"; VariantName = "[No Variations]"
Add component (AddParameter): Name = "Value"; Value = "470"; VariantName = "[No Variations]"
Added Component: Designator=R19(RES-SM-0805)
Add component. Clean all parameters for all variants
Add component (AddParameter): Name = "Local Supplier"; Value = "thegioiic"; VariantName = "[No Variations]"
Add component (AddParameter): Name = "Local Supplier Link"; Value = "https://www.thegioiic.com/products/dien-tro-470-kohm-0805-5"; VariantName = "[No Variations]"
Add component (AddParameter): Name = "Manufacturer"; Value = "YAG6006CT-ND"; VariantName = "[No Variations]"
Add component (AddParameter): Name = "Manufacturer Part Number"; Value = "PE0805FRF7W0R047L"; VariantName = "[No Variations]"
Add component (AddParameter): Name = "Supplier 1"; Value = "Digikey"; VariantName = "[No Variations]"
Add component (AddParameter): Name = "Supplier 1 Link"; Value = "https://www.digikey.com/product-detail/en/yageo/PE0805FRF7W0R047L/YAG6006CT-ND/9696460"; VariantName = "[No Variations]"
Add component (AddParameter): Name = "Supplier 1 Part Number"; Value = "YAG6006CT-ND"; VariantName = "[No Variations]"
Add component (AddParameter): Name = "Value"; Value = "470"; VariantName = "[No Variations]"
Added Component: Designator=R20(RES-SM-0805)
Add component. Clean all parameters for all variants
Add component (AddParameter): Name = "Local Supplier"; Value = "thegioiic"; VariantName = "[No Variations]"
Add component (AddParameter): Name = "Local Supplier Link"; Value = "https://thegioiic.com/products/dien-tro-2-2k-ohm-0805-5"; VariantName = "[No Variations]"
Add component (AddParameter): Name = "Manufacturer"; Value = "TE Connectivity Passive Product"; VariantName = "[No Variations]"
Add component (AddParameter): Name = "Manufacturer Part Number"; Value = "CRG0805F2K2"; VariantName = "[No Variations]"
Add component (AddParameter): Name = "Supplier 1"; Value = "Digikey"; VariantName = "[No Variations]"
Add component (AddParameter): Name = "Supplier 1 Link"; Value = "https://www.digikey.com/product-detail/en/te-connectivity-passive-product/CRG0805F2K2/A106060CT-ND/3477706"; VariantName = "[No Variations]"
Add component (AddParameter): Name = "Supplier 1 Part Number"; Value = "A106060CT-ND"; VariantName = "[No Variations]"
Add component (AddParameter): Name = "Value"; Value = "2.2K"; VariantName = "[No Variations]"
Added Component: Designator=R21(RES-SM-0805)
Add component. Clean all parameters for all variants
Add component (AddParameter): Name = "Local Supplier"; Value = "thegioiic"; VariantName = "[No Variations]"
Add component (AddParameter): Name = "Local Supplier Link"; Value = "https://thegioiic.com/products/dien-tro-10k-ohm-0805-5"; VariantName = "[No Variations]"
Add component (AddParameter): Name = "Manufacturer"; Value = "Stackpole Electronics Inc"; VariantName = "[No Variations]"
Add component (AddParameter): Name = "Manufacturer Part Number"; Value = "RNCP0805FTD10K0"; VariantName = "[No Variations]"
Add component (AddParameter): Name = "Supplier 1"; Value = "Digikey"; VariantName = "[No Variations]"
Add component (AddParameter): Name = "Supplier 1 Link"; Value = "https://www.digikey.com/product-detail/en/stackpole-electronics-inc/RNCP0805FTD10K0/RNCP0805FTD10K0CT-ND/2240601"; VariantName = "[No Variations]"
Add component (AddParameter): Name = "Supplier 1 Part Number"; Value = "RNCP0805FTD10K0CT-ND"; VariantName = "[No Variations]"
Add component (AddParameter): Name = "Value"; Value = "10K"; VariantName = "[No Variations]"
Added Component: Designator=R22(RES-SM-0805)
Add component. Clean all parameters for all variants
Add component (AddParameter): Name = "Local Supplier"; Value = "icdayroi"; VariantName = "[No Variations]"
Add component (AddParameter): Name = "Local Supplier Link"; Value = "https://icdayroi.com/dien-tro-12k-0805-1-goi-50-con"; VariantName = "[No Variations]"
Add component (AddParameter): Name = "Manufacturer"; Value = "Vishay Thin Film"; VariantName = "[No Variations]"
Add component (AddParameter): Name = "Manufacturer Part Number"; Value = "PAT0805E3121BST1"; VariantName = "[No Variations]"
Add component (AddParameter): Name = "Supplier 1"; Value = "Digikey"; VariantName = "[No Variations]"
Add component (AddParameter): Name = "Supplier 1 Link"; Value = "https://www.digikey.com/product-detail/en/vishay-thin-film/PAT0805E3121BST1/PAT0805E3121BST1-ND/2281536"; VariantName = "[No Variations]"
Add component (AddParameter): Name = "Supplier 1 Part Number"; Value = "PAT0805E3121BST1-ND"; VariantName = "[No Variations]"
Add component (AddParameter): Name = "Value"; Value = "12K"; VariantName = "[No Variations]"
Added Component: Designator=R24(RES-SM-0805)
Add component. Clean all parameters for all variants
Add component (AddParameter): Name = "Local Supplier"; Value = "icdayroi"; VariantName = "[No Variations]"
Add component (AddParameter): Name = "Local Supplier Link"; Value = "https://icdayroi.com/dien-tro-12k-0805-1-goi-50-con"; VariantName = "[No Variations]"
Add component (AddParameter): Name = "Manufacturer"; Value = "Vishay Thin Film"; VariantName = "[No Variations]"
Add component (AddParameter): Name = "Manufacturer Part Number"; Value = "PAT0805E3121BST1"; VariantName = "[No Variations]"
Add component (AddParameter): Name = "Supplier 1"; Value = "Digikey"; VariantName = "[No Variations]"
Add component (AddParameter): Name = "Supplier 1 Link"; Value = "https://www.digikey.com/product-detail/en/vishay-thin-film/PAT0805E3121BST1/PAT0805E3121BST1-ND/2281536"; VariantName = "[No Variations]"
Add component (AddParameter): Name = "Supplier 1 Part Number"; Value = "PAT0805E3121BST1-ND"; VariantName = "[No Variations]"
Add component (AddParameter): Name = "Value"; Value = "12K"; VariantName = "[No Variations]"
Added Component: Designator=R26(RES-SM-0805)
Add component. Clean all parameters for all variants
Add component (AddParameter): Name = "Local Supplier"; Value = "icdayroi"; VariantName = "[No Variations]"
Add component (AddParameter): Name = "Local Supplier Link"; Value = "https://icdayroi.com/dien-tro-12k-0805-1-goi-50-con"; VariantName = "[No Variations]"
Add component (AddParameter): Name = "Manufacturer"; Value = "Vishay Thin Film"; VariantName = "[No Variations]"
Add component (AddParameter): Name = "Manufacturer Part Number"; Value = "PAT0805E3121BST1"; VariantName = "[No Variations]"
Add component (AddParameter): Name = "Supplier 1"; Value = "Digikey"; VariantName = "[No Variations]"
Add component (AddParameter): Name = "Supplier 1 Link"; Value = "https://www.digikey.com/product-detail/en/vishay-thin-film/PAT0805E3121BST1/PAT0805E3121BST1-ND/2281536"; VariantName = "[No Variations]"
Add component (AddParameter): Name = "Supplier 1 Part Number"; Value = "PAT0805E3121BST1-ND"; VariantName = "[No Variations]"
Add component (AddParameter): Name = "Value"; Value = "12K"; VariantName = "[No Variations]"
Added Component: Designator=R27(RES-SM-0805)
Add component. Clean all parameters for all variants
Add component (AddParameter): Name = "Local Supplier"; Value = "icdayroi"; VariantName = "[No Variations]"
Add component (AddParameter): Name = "Local Supplier Link"; Value = "https://icdayroi.com/dien-tro-12k-0805-1-goi-50-con"; VariantName = "[No Variations]"
Add component (AddParameter): Name = "Manufacturer"; Value = "Vishay Thin Film"; VariantName = "[No Variations]"
Add component (AddParameter): Name = "Manufacturer Part Number"; Value = "PAT0805E3121BST1"; VariantName = "[No Variations]"
Add component (AddParameter): Name = "Supplier 1"; Value = "Digikey"; VariantName = "[No Variations]"
Add component (AddParameter): Name = "Supplier 1 Link"; Value = "https://www.digikey.com/product-detail/en/vishay-thin-film/PAT0805E3121BST1/PAT0805E3121BST1-ND/2281536"; VariantName = "[No Variations]"
Add component (AddParameter): Name = "Supplier 1 Part Number"; Value = "PAT0805E3121BST1-ND"; VariantName = "[No Variations]"
Add component (AddParameter): Name = "Value"; Value = "12K"; VariantName = "[No Variations]"
Added Component: Designator=R28(RES-SM-0805)
Add component. Clean all parameters for all variants
Add component (AddParameter): Name = "Local Supplier"; Value = "thegioiic"; VariantName = "[No Variations]"
Add component (AddParameter): Name = "Local Supplier Link"; Value = "https://thegioiic.com/products/dien-tro-1k-ohm-0805-5"; VariantName = "[No Variations]"
Add component (AddParameter): Name = "Manufacturer"; Value = "Stackpole Electronics Inc"; VariantName = "[No Variations]"
Add component (AddParameter): Name = "Manufacturer Part Number"; Value = "RNCP0805FTD1K00"; VariantName = "[No Variations]"
Add component (AddParameter): Name = "Supplier 1"; Value = "Digikey"; VariantName = "[No Variations]"
Add component (AddParameter): Name = "Supplier 1 Link"; Value = "https://www.digikey.com/product-detail/en/stackpole-electronics-inc/RNCP0805FTD1K00/RNCP0805FTD1K00CT-ND/2240568"; VariantName = "[No Variations]"
Add component (AddParameter): Name = "Supplier 1 Part Number"; Value = "RNCP0805FTD1K00CT-ND"; VariantName = "[No Variations]"
Add component (AddParameter): Name = "Value"; Value = "1K"; VariantName = "[No Variations]"
Added Component: Designator=R29(RES-SM-0805)
Add component. Clean all parameters for all variants
Add component (AddParameter): Name = "Local Supplier"; Value = "icdayroi"; VariantName = "[No Variations]"
Add component (AddParameter): Name = "Local Supplier Link"; Value = "https://icdayroi.com/dien-tro-12k-0805-1-goi-50-con"; VariantName = "[No Variations]"
Add component (AddParameter): Name = "Manufacturer"; Value = "Vishay Thin Film"; VariantName = "[No Variations]"
Add component (AddParameter): Name = "Manufacturer Part Number"; Value = "PAT0805E3121BST1"; VariantName = "[No Variations]"
Add component (AddParameter): Name = "Supplier 1"; Value = "Digikey"; VariantName = "[No Variations]"
Add component (AddParameter): Name = "Supplier 1 Link"; Value = "https://www.digikey.com/product-detail/en/vishay-thin-film/PAT0805E3121BST1/PAT0805E3121BST1-ND/2281536"; VariantName = "[No Variations]"
Add component (AddParameter): Name = "Supplier 1 Part Number"; Value = "PAT0805E3121BST1-ND"; VariantName = "[No Variations]"
Add component (AddParameter): Name = "Value"; Value = "12K"; VariantName = "[No Variations]"
Added Component: Designator=R30(RES-SM-0805)
Add component. Clean all parameters for all variants
Add component (AddParameter): Name = "Local Supplier"; Value = "thegioiic"; VariantName = "[No Variations]"
Add component (AddParameter): Name = "Local Supplier Link"; Value = "https://thegioiic.com/products/dien-tro-1k-ohm-0805-5"; VariantName = "[No Variations]"
Add component (AddParameter): Name = "Manufacturer"; Value = "Stackpole Electronics Inc"; VariantName = "[No Variations]"
Add component (AddParameter): Name = "Manufacturer Part Number"; Value = "RNCP0805FTD1K00"; VariantName = "[No Variations]"
Add component (AddParameter): Name = "Supplier 1"; Value = "Digikey"; VariantName = "[No Variations]"
Add component (AddParameter): Name = "Supplier 1 Link"; Value = "https://www.digikey.com/product-detail/en/stackpole-electronics-inc/RNCP0805FTD1K00/RNCP0805FTD1K00CT-ND/2240568"; VariantName = "[No Variations]"
Add component (AddParameter): Name = "Supplier 1 Part Number"; Value = "RNCP0805FTD1K00CT-ND"; VariantName = "[No Variations]"
Add component (AddParameter): Name = "Value"; Value = "1K"; VariantName = "[No Variations]"
Added Component: Designator=R37(RES-SM-0805)
Add component. Clean all parameters for all variants
Add component (AddParameter): Name = "Local Supplier"; Value = "thegioiic"; VariantName = "[No Variations]"
Add component (AddParameter): Name = "Local Supplier Link"; Value = "https://thegioiic.com/products/dien-tro-10k-ohm-0805-5"; VariantName = "[No Variations]"
Add component (AddParameter): Name = "Manufacturer"; Value = "Stackpole Electronics Inc"; VariantName = "[No Variations]"
Add component (AddParameter): Name = "Manufacturer Part Number"; Value = "RNCP0805FTD10K0"; VariantName = "[No Variations]"
Add component (AddParameter): Name = "Supplier 1"; Value = "Digikey"; VariantName = "[No Variations]"
Add component (AddParameter): Name = "Supplier 1 Link"; Value = "https://www.digikey.com/product-detail/en/stackpole-electronics-inc/RNCP0805FTD10K0/RNCP0805FTD10K0CT-ND/2240601"; VariantName = "[No Variations]"
Add component (AddParameter): Name = "Supplier 1 Part Number"; Value = "RNCP0805FTD10K0CT-ND"; VariantName = "[No Variations]"
Add component (AddParameter): Name = "Value"; Value = "10K"; VariantName = "[No Variations]"
Added Component: Designator=R38(RES-SM-0805)
Add component. Clean all parameters for all variants
Add component (AddParameter): Name = "Local Supplier"; Value = "thegioiic"; VariantName = "[No Variations]"
Add component (AddParameter): Name = "Local Supplier Link"; Value = "https://thegioiic.com/products/dien-tro-10k-ohm-0805-5"; VariantName = "[No Variations]"
Add component (AddParameter): Name = "Manufacturer"; Value = "Stackpole Electronics Inc"; VariantName = "[No Variations]"
Add component (AddParameter): Name = "Manufacturer Part Number"; Value = "RNCP0805FTD10K0"; VariantName = "[No Variations]"
Add component (AddParameter): Name = "Supplier 1"; Value = "Digikey"; VariantName = "[No Variations]"
Add component (AddParameter): Name = "Supplier 1 Link"; Value = "https://www.digikey.com/product-detail/en/stackpole-electronics-inc/RNCP0805FTD10K0/RNCP0805FTD10K0CT-ND/2240601"; VariantName = "[No Variations]"
Add component (AddParameter): Name = "Supplier 1 Part Number"; Value = "RNCP0805FTD10K0CT-ND"; VariantName = "[No Variations]"
Add component (AddParameter): Name = "Value"; Value = "10K"; VariantName = "[No Variations]"
Added Component: Designator=R39(RES-SM-0805)
Add component. Clean all parameters for all variants
Add component (AddParameter): Name = "Local Supplier"; Value = "thegioiic"; VariantName = "[No Variations]"
Add component (AddParameter): Name = "Local Supplier Link"; Value = "https://thegioiic.com/products/dien-tro-1k-ohm-0805-5"; VariantName = "[No Variations]"
Add component (AddParameter): Name = "Manufacturer"; Value = "Stackpole Electronics Inc"; VariantName = "[No Variations]"
Add component (AddParameter): Name = "Manufacturer Part Number"; Value = "RNCP0805FTD1K00"; VariantName = "[No Variations]"
Add component (AddParameter): Name = "Supplier 1"; Value = "Digikey"; VariantName = "[No Variations]"
Add component (AddParameter): Name = "Supplier 1 Link"; Value = "https://www.digikey.com/product-detail/en/stackpole-electronics-inc/RNCP0805FTD1K00/RNCP0805FTD1K00CT-ND/2240568"; VariantName = "[No Variations]"
Add component (AddParameter): Name = "Supplier 1 Part Number"; Value = "RNCP0805FTD1K00CT-ND"; VariantName = "[No Variations]"
Add component (AddParameter): Name = "Value"; Value = "1K"; VariantName = "[No Variations]"
Added Component: Designator=R40(RES-SM-0805)
Add component. Clean all parameters for all variants
Add component (AddParameter): Name = "Local Supplier"; Value = "thegioiic"; VariantName = "[No Variations]"
Add component (AddParameter): Name = "Local Supplier Link"; Value = "https://thegioiic.com/products/dien-tro-1k-ohm-0805-5"; VariantName = "[No Variations]"
Add component (AddParameter): Name = "Manufacturer"; Value = "Stackpole Electronics Inc"; VariantName = "[No Variations]"
Add component (AddParameter): Name = "Manufacturer Part Number"; Value = "RNCP0805FTD1K00"; VariantName = "[No Variations]"
Add component (AddParameter): Name = "Supplier 1"; Value = "Digikey"; VariantName = "[No Variations]"
Add component (AddParameter): Name = "Supplier 1 Link"; Value = "https://www.digikey.com/product-detail/en/stackpole-electronics-inc/RNCP0805FTD1K00/RNCP0805FTD1K00CT-ND/2240568"; VariantName = "[No Variations]"
Add component (AddParameter): Name = "Supplier 1 Part Number"; Value = "RNCP0805FTD1K00CT-ND"; VariantName = "[No Variations]"
Add component (AddParameter): Name = "Value"; Value = "1K"; VariantName = "[No Variations]"
Added Component: Designator=S5(434113043826)
Add component. Clean all parameters for all variants
Add component (AddParameter): Name = "ComponentLink1Description"; Value = "Manufacturer"; VariantName = "[No Variations]"
Add component (AddParameter): Name = "ComponentLink1URL"; Value = "http://www.we-online.de"; VariantName = "[No Variations]"
Add component (AddParameter): Name = "ComponentLink2Description"; Value = "Datasheet"; VariantName = "[No Variations]"
Add component (AddParameter): Name = "ComponentLink2URL"; Value = "https://katalog.we-online.com/em/datasheet/434113043826.pdf"; VariantName = "[No Variations]"
Add component (AddParameter): Name = "Contact Material"; Value = "Stainless Steel"; VariantName = "[No Variations]"
Add component (AddParameter): Name = "Contact Plating"; Value = "Silver"; VariantName = "[No Variations]"
Add component (AddParameter): Name = "Height"; Value = "4.3mm"; VariantName = "[No Variations]"
Add component (AddParameter): Name = "Mounting Technology"; Value = "SMT"; VariantName = "[No Variations]"
Add component (AddParameter): Name = "Operating Temperature"; Value = "-40 to +85degC"; VariantName = "[No Variations]"
Add component (AddParameter): Name = "Operation Force"; Value = "260gf"; VariantName = "[No Variations]"
Add component (AddParameter): Name = "Packaging"; Value = "Tape and Reel"; VariantName = "[No Variations]"
Add component (AddParameter): Name = "Part Number"; Value = "434113043826"; VariantName = "[No Variations]"
Add component (AddParameter): Name = "Published Date"; Value = "September 2019"; VariantName = "[No Variations]"
Add component (AddParameter): Name = "Publisher"; Value = "Wurth Elektronik"; VariantName = "[No Variations]"
Add component (AddParameter): Name = "Rated Current"; Value = "50mA"; VariantName = "[No Variations]"
Add component (AddParameter): Name = "Rated Voltage"; Value = "12VDC"; VariantName = "[No Variations]"
Add component (AddParameter): Name = "Terminal Material"; Value = "Copper Alloy"; VariantName = "[No Variations]"
Add component (AddParameter): Name = "Terminal Plating"; Value = "Silver"; VariantName = "[No Variations]"
Add component (AddParameter): Name = "Washable"; Value = "No"; VariantName = "[No Variations]"
Added Component: Designator=S6(434113043826)
Add component. Clean all parameters for all variants
Add component (AddParameter): Name = "ComponentLink1Description"; Value = "Manufacturer"; VariantName = "[No Variations]"
Add component (AddParameter): Name = "ComponentLink1URL"; Value = "http://www.we-online.de"; VariantName = "[No Variations]"
Add component (AddParameter): Name = "ComponentLink2Description"; Value = "Datasheet"; VariantName = "[No Variations]"
Add component (AddParameter): Name = "ComponentLink2URL"; Value = "https://katalog.we-online.com/em/datasheet/434113043826.pdf"; VariantName = "[No Variations]"
Add component (AddParameter): Name = "Contact Material"; Value = "Stainless Steel"; VariantName = "[No Variations]"
Add component (AddParameter): Name = "Contact Plating"; Value = "Silver"; VariantName = "[No Variations]"
Add component (AddParameter): Name = "Height"; Value = "4.3mm"; VariantName = "[No Variations]"
Add component (AddParameter): Name = "Mounting Technology"; Value = "SMT"; VariantName = "[No Variations]"
Add component (AddParameter): Name = "Operating Temperature"; Value = "-40 to +85degC"; VariantName = "[No Variations]"
Add component (AddParameter): Name = "Operation Force"; Value = "260gf"; VariantName = "[No Variations]"
Add component (AddParameter): Name = "Packaging"; Value = "Tape and Reel"; VariantName = "[No Variations]"
Add component (AddParameter): Name = "Part Number"; Value = "434113043826"; VariantName = "[No Variations]"
Add component (AddParameter): Name = "Published Date"; Value = "September 2019"; VariantName = "[No Variations]"
Add component (AddParameter): Name = "Publisher"; Value = "Wurth Elektronik"; VariantName = "[No Variations]"
Add component (AddParameter): Name = "Rated Current"; Value = "50mA"; VariantName = "[No Variations]"
Add component (AddParameter): Name = "Rated Voltage"; Value = "12VDC"; VariantName = "[No Variations]"
Add component (AddParameter): Name = "Terminal Material"; Value = "Copper Alloy"; VariantName = "[No Variations]"
Add component (AddParameter): Name = "Terminal Plating"; Value = "Silver"; VariantName = "[No Variations]"
Add component (AddParameter): Name = "Washable"; Value = "No"; VariantName = "[No Variations]"
Added Component: Designator=S7(434113043826)
Add component. Clean all parameters for all variants
Add component (AddParameter): Name = "ComponentLink1Description"; Value = "Manufacturer"; VariantName = "[No Variations]"
Add component (AddParameter): Name = "ComponentLink1URL"; Value = "http://www.we-online.de"; VariantName = "[No Variations]"
Add component (AddParameter): Name = "ComponentLink2Description"; Value = "Datasheet"; VariantName = "[No Variations]"
Add component (AddParameter): Name = "ComponentLink2URL"; Value = "https://katalog.we-online.com/em/datasheet/434113043826.pdf"; VariantName = "[No Variations]"
Add component (AddParameter): Name = "Contact Material"; Value = "Stainless Steel"; VariantName = "[No Variations]"
Add component (AddParameter): Name = "Contact Plating"; Value = "Silver"; VariantName = "[No Variations]"
Add component (AddParameter): Name = "Height"; Value = "4.3mm"; VariantName = "[No Variations]"
Add component (AddParameter): Name = "Mounting Technology"; Value = "SMT"; VariantName = "[No Variations]"
Add component (AddParameter): Name = "Operating Temperature"; Value = "-40 to +85degC"; VariantName = "[No Variations]"
Add component (AddParameter): Name = "Operation Force"; Value = "260gf"; VariantName = "[No Variations]"
Add component (AddParameter): Name = "Packaging"; Value = "Tape and Reel"; VariantName = "[No Variations]"
Add component (AddParameter): Name = "Part Number"; Value = "434113043826"; VariantName = "[No Variations]"
Add component (AddParameter): Name = "Published Date"; Value = "September 2019"; VariantName = "[No Variations]"
Add component (AddParameter): Name = "Publisher"; Value = "Wurth Elektronik"; VariantName = "[No Variations]"
Add component (AddParameter): Name = "Rated Current"; Value = "50mA"; VariantName = "[No Variations]"
Add component (AddParameter): Name = "Rated Voltage"; Value = "12VDC"; VariantName = "[No Variations]"
Add component (AddParameter): Name = "Terminal Material"; Value = "Copper Alloy"; VariantName = "[No Variations]"
Add component (AddParameter): Name = "Terminal Plating"; Value = "Silver"; VariantName = "[No Variations]"
Add component (AddParameter): Name = "Washable"; Value = "No"; VariantName = "[No Variations]"
Added Component: Designator=U6(QFN28_5X5_SIL)
Add component. Clean all parameters for all variants
Add component (AddParameter): Name = "Built_By"; Value = "EMA_UL_Team"; VariantName = "[No Variations]"
Add component (AddParameter): Name = "Copyright"; Value = "Copyright (C) 2018 Accelerated Designs. All rights reserved"; VariantName = "[No Variations]"
Add component (AddParameter): Name = "Manufacturer_Part_Number"; Value = "CP2102-GM"; VariantName = "[No Variations]"
Add component (AddParameter): Name = "RefDes"; Value = "RefDes"; VariantName = "[No Variations]"
Add component (AddParameter): Name = "SourceLibrary"; Value = "Silicon_Labs_2015-03-23"; VariantName = "[No Variations]"
Add component (AddParameter): Name = "Type"; Value = "DEV"; VariantName = "[No Variations]"
Add component (AddParameter): Name = "Vendor"; Value = "Silicon Labs"; VariantName = "[No Variations]"
Added Pin To Net: NetName=3V3_BLU Pin=M5-12
Added Net: Name=3V3_BLU
Added Pin To Net: NetName=3V3_DWM_M Pin=R37-2
Added Pin To Net: NetName=3V3_DWM_M Pin=R38-2
Added Net: Name=3V3_DWM_M
Added Pin To Net: NetName=3V3_RF Pin=C21-2
Added Pin To Net: NetName=3V3_RF Pin=M6-2
Added Pin To Net: NetName=3V3_RF Pin=P19-2
Added Net: Name=3V3_RF
Added Pin To Net: NetName=3V3_WIFI Pin=C25-1
Added Pin To Net: NetName=3V3_WIFI Pin=C27-1
Added Pin To Net: NetName=3V3_WIFI Pin=C28-2
Added Pin To Net: NetName=3V3_WIFI Pin=R22-1
Added Pin To Net: NetName=3V3_WIFI Pin=R24-1
Added Pin To Net: NetName=3V3_WIFI Pin=R26-1
Added Pin To Net: NetName=3V3_WIFI Pin=R27-1
Added Pin To Net: NetName=3V3_WIFI Pin=U6-6
Added Pin To Net: NetName=3V3_WIFI Pin=U6-7
Added Net: Name=3V3_WIFI
Added Pin To Net: NetName=3V3 BLU Pin=S5-2
Added Net: Name=3V3 BLU
Added Pin To Net: NetName=3V3 RF Pin=C24-2
Added Pin To Net: NetName=3V3 RF Pin=M8-1
Added Net: Name=3V3 RF
Added Pin To Net: NetName=3V3 WIFI Pin=M10-8
Added Net: Name=3V3 WIFI
Added Pin To Net: NetName=5V_BLU Pin=C20-2
Added Pin To Net: NetName=5V_BLU Pin=M4-5
Added Net: Name=5V_BLU
Added Pin To Net: NetName=5V_USB Pin=J2-1
Added Net: Name=5V_USB
Added Pin To Net: NetName=5V_WIFI Pin=C29-2
Added Pin To Net: NetName=5V_WIFI Pin=C30-2
Added Pin To Net: NetName=5V_WIFI Pin=U6-8
Added Net: Name=5V_WIFI
Added Pin To Net: NetName=BLU_KEY_HC05 Pin=P16-1
Added Net: Name=BLU_KEY_HC05
Added Pin To Net: NetName=BLU_KEY_HC06 Pin=M5-26
Added Pin To Net: NetName=BLU_KEY_HC06 Pin=P16-3
Added Net: Name=BLU_KEY_HC06
Added Pin To Net: NetName=BLU_KEY Pin=P16-2
Added Pin To Net: NetName=BLU_KEY Pin=R20-1
Added Pin To Net: NetName=BLU_KEY Pin=R21-2
Added Net: Name=BLU_KEY
Added Pin To Net: NetName=BLU KEY HC05 Pin=M5-34
Added Net: Name=BLU KEY HC05
Added Pin To Net: NetName=CP2102_DTR Pin=U6-28
Added Net: Name=CP2102_DTR
Added Pin To Net: NetName=CP2102_RTS Pin=U6-24
Added Net: Name=CP2102_RTS
Added Pin To Net: NetName=DWM_BLE_WK Pin=C33-1
Added Pin To Net: NetName=DWM_BLE_WK Pin=R38-1
Added Pin To Net: NetName=DWM_BLE_WK Pin=S7-1
Added Net: Name=DWM_BLE_WK
Added Pin To Net: NetName=DWM_nRST Pin=C32-1
Added Pin To Net: NetName=DWM_nRST Pin=R37-1
Added Pin To Net: NetName=DWM_nRST Pin=S6-1
Added Net: Name=DWM_nRST
Added Pin To Net: NetName=DWM_RX_LED Pin=R40-2
Added Net: Name=DWM_RX_LED
Added Pin To Net: NetName=DWM_TX_LED Pin=R39-2
Added Net: Name=DWM_TX_LED
Added Pin To Net: NetName=ESP_ADC Pin=M10-2
Added Net: Name=ESP_ADC
Added Pin To Net: NetName=ESP_ENB Pin=M10-3
Added Pin To Net: NetName=ESP_ENB Pin=R26-2
Added Net: Name=ESP_ENB
Added Pin To Net: NetName=ESP_GPIO0 Pin=M10-18
Added Pin To Net: NetName=ESP_GPIO0 Pin=R22-2
Added Net: Name=ESP_GPIO0
Added Pin To Net: NetName=ESP_GPIO2 Pin=M10-17
Added Pin To Net: NetName=ESP_GPIO2 Pin=R24-2
Added Net: Name=ESP_GPIO2
Added Pin To Net: NetName=ESP_GPIO4 Pin=M10-19
Added Net: Name=ESP_GPIO4
Added Pin To Net: NetName=ESP_GPIO5 Pin=M10-20
Added Net: Name=ESP_GPIO5
Added Pin To Net: NetName=ESP_GPIO9 Pin=M10-11
Added Net: Name=ESP_GPIO9
Added Pin To Net: NetName=ESP_GPIO10 Pin=M10-12
Added Net: Name=ESP_GPIO10
Added Pin To Net: NetName=ESP_GPIO12 Pin=M10-6
Added Net: Name=ESP_GPIO12
Added Pin To Net: NetName=ESP_GPIO13 Pin=M10-7
Added Net: Name=ESP_GPIO13
Added Pin To Net: NetName=ESP_GPIO14 Pin=M10-5
Added Net: Name=ESP_GPIO14
Added Pin To Net: NetName=ESP_GPIO15 Pin=M10-16
Added Pin To Net: NetName=ESP_GPIO15 Pin=R29-2
Added Net: Name=ESP_GPIO15
Added Pin To Net: NetName=ESP_GPIO16 Pin=M10-4
Added Net: Name=ESP_GPIO16
Added Pin To Net: NetName=ESP_nRST Pin=C26-2
Added Pin To Net: NetName=ESP_nRST Pin=M10-1
Added Pin To Net: NetName=ESP_nRST Pin=R27-2
Added Net: Name=ESP_nRST
Added Pin To Net: NetName=ESP_SPI_CLK Pin=M10-14
Added Net: Name=ESP_SPI_CLK
Added Pin To Net: NetName=ESP_SPI_INT Pin=M10-13
Added Net: Name=ESP_SPI_INT
Added Pin To Net: NetName=ESP_SPI_MISO Pin=M10-10
Added Net: Name=ESP_SPI_MISO
Added Pin To Net: NetName=ESP_SPI_MOSI Pin=M10-9
Added Net: Name=ESP_SPI_MOSI
Added Pin To Net: NetName=GND Pin=C20-1
Added Pin To Net: NetName=GND Pin=C21-1
Added Pin To Net: NetName=GND Pin=C22-1
Added Pin To Net: NetName=GND Pin=C23-1
Added Pin To Net: NetName=GND Pin=C24-1
Added Pin To Net: NetName=GND Pin=C25-2
Added Pin To Net: NetName=GND Pin=C26-1
Added Pin To Net: NetName=GND Pin=C27-2
Added Pin To Net: NetName=GND Pin=C28-1
Added Pin To Net: NetName=GND Pin=C29-1
Added Pin To Net: NetName=GND Pin=C30-1
Added Pin To Net: NetName=GND Pin=C32-2
Added Pin To Net: NetName=GND Pin=C33-2
Added Pin To Net: NetName=GND Pin=D2-2
Added Pin To Net: NetName=GND Pin=D3-2
Added Pin To Net: NetName=GND Pin=D4-2
Added Pin To Net: NetName=GND Pin=D11-2
Added Pin To Net: NetName=GND Pin=D12-2
Added Pin To Net: NetName=GND Pin=J2-5
Added Pin To Net: NetName=GND Pin=M4-4
Added Pin To Net: NetName=GND Pin=M5-13
Added Pin To Net: NetName=GND Pin=M5-21
Added Pin To Net: NetName=GND Pin=M5-22
Added Pin To Net: NetName=GND Pin=M6-1
Added Pin To Net: NetName=GND Pin=M7-6
Added Pin To Net: NetName=GND Pin=M8-2
Added Pin To Net: NetName=GND Pin=M9-6
Added Pin To Net: NetName=GND Pin=M10-15
Added Pin To Net: NetName=GND Pin=P17-3
Added Pin To Net: NetName=GND Pin=P18-1
Added Pin To Net: NetName=GND Pin=P25-4
Added Pin To Net: NetName=GND Pin=R21-1
Added Pin To Net: NetName=GND Pin=R29-1
Added Pin To Net: NetName=GND Pin=R30-1
Added Pin To Net: NetName=GND Pin=S6-2
Added Pin To Net: NetName=GND Pin=S7-2
Added Pin To Net: NetName=GND Pin=U6-3
Added Pin To Net: NetName=GND Pin=U6-29
Added Net: Name=GND
Added Pin To Net: NetName=NetC22_2 Pin=C22-2
Added Pin To Net: NetName=NetC22_2 Pin=M7-1
Added Pin To Net: NetName=NetC22_2 Pin=P18-6
Added Pin To Net: NetName=NetC22_2 Pin=P19-1
Added Net: Name=NetC22_2
Added Pin To Net: NetName=NetD2_1 Pin=D2-1
Added Pin To Net: NetName=NetD2_1 Pin=R17-2
Added Net: Name=NetD2_1
Added Pin To Net: NetName=NetD3_1 Pin=D3-1
Added Pin To Net: NetName=NetD3_1 Pin=R18-2
Added Net: Name=NetD3_1
Added Pin To Net: NetName=NetD4_1 Pin=D4-1
Added Pin To Net: NetName=NetD4_1 Pin=R19-2
Added Net: Name=NetD4_1
Added Pin To Net: NetName=NetD5_1 Pin=D5-1
Added Pin To Net: NetName=NetD5_1 Pin=U6-12
Added Net: Name=NetD5_1
Added Pin To Net: NetName=NetD5_2 Pin=D5-2
Added Pin To Net: NetName=NetD5_2 Pin=R30-2
Added Net: Name=NetD5_2
Added Pin To Net: NetName=NetD11_1 Pin=D11-1
Added Pin To Net: NetName=NetD11_1 Pin=R39-1
Added Net: Name=NetD11_1
Added Pin To Net: NetName=NetD12_1 Pin=D12-1
Added Pin To Net: NetName=NetD12_1 Pin=R40-1
Added Net: Name=NetD12_1
Added Pin To Net: NetName=NetM4_2 Pin=M4-2
Added Pin To Net: NetName=NetM4_2 Pin=M5-2
Added Pin To Net: NetName=NetM4_2 Pin=P17-2
Added Net: Name=NetM4_2
Added Pin To Net: NetName=NetM4_3 Pin=M4-3
Added Pin To Net: NetName=NetM4_3 Pin=M5-1
Added Pin To Net: NetName=NetM4_3 Pin=P17-1
Added Net: Name=NetM4_3
Added Pin To Net: NetName=NetM4_6 Pin=M4-6
Added Pin To Net: NetName=NetM4_6 Pin=R20-2
Added Pin To Net: NetName=NetM4_6 Pin=S5-1
Added Net: Name=NetM4_6
Added Pin To Net: NetName=NetM5_23 Pin=M5-23
Added Pin To Net: NetName=NetM5_23 Pin=R19-1
Added Net: Name=NetM5_23
Added Pin To Net: NetName=NetM5_31 Pin=M5-31
Added Pin To Net: NetName=NetM5_31 Pin=R18-1
Added Net: Name=NetM5_31
Added Pin To Net: NetName=NetM5_32 Pin=M5-32
Added Pin To Net: NetName=NetM5_32 Pin=R17-1
Added Net: Name=NetM5_32
Added Pin To Net: NetName=NetM6_3 Pin=M6-3
Added Net: Name=NetM6_3
Added Pin To Net: NetName=NetM6_4 Pin=M6-4
Added Net: Name=NetM6_4
Added Pin To Net: NetName=NetM6_5 Pin=M6-5
Added Net: Name=NetM6_5
Added Pin To Net: NetName=NetM6_6 Pin=M6-6
Added Net: Name=NetM6_6
Added Pin To Net: NetName=NetM6_7 Pin=M6-7
Added Net: Name=NetM6_7
Added Pin To Net: NetName=NetM6_8 Pin=M6-8
Added Net: Name=NetM6_8
Added Pin To Net: NetName=NetM7_2 Pin=M7-2
Added Pin To Net: NetName=NetM7_2 Pin=M8-3
Added Pin To Net: NetName=NetM7_2 Pin=M9-2
Added Pin To Net: NetName=NetM7_2 Pin=P18-5
Added Net: Name=NetM7_2
Added Pin To Net: NetName=NetM7_3 Pin=M7-3
Added Pin To Net: NetName=NetM7_3 Pin=M8-4
Added Pin To Net: NetName=NetM7_3 Pin=M9-3
Added Pin To Net: NetName=NetM7_3 Pin=P18-4
Added Net: Name=NetM7_3
Added Pin To Net: NetName=NetM7_4 Pin=M7-4
Added Pin To Net: NetName=NetM7_4 Pin=M8-5
Added Pin To Net: NetName=NetM7_4 Pin=P18-3
Added Net: Name=NetM7_4
Added Pin To Net: NetName=NetM7_5 Pin=M7-5
Added Pin To Net: NetName=NetM7_5 Pin=P18-2
Added Net: Name=NetM7_5
Added Pin To Net: NetName=NetM9_4 Pin=M9-4
Added Net: Name=NetM9_4
Added Pin To Net: NetName=NetM9_5 Pin=M9-5
Added Net: Name=NetM9_5
Added Pin To Net: NetName=NetM10_21 Pin=M10-21
Added Net: Name=NetM10_21
Added Pin To Net: NetName=NetM10_22 Pin=M10-22
Added Pin To Net: NetName=NetM10_22 Pin=U6-25
Added Net: Name=NetM10_22
Added Pin To Net: NetName=NetP25_1 Pin=P25-1
Added Net: Name=NetP25_1
Added Pin To Net: NetName=NetP25_2 Pin=P25-2
Added Net: Name=NetP25_2
Added Pin To Net: NetName=NetP25_3 Pin=P25-3
Added Net: Name=NetP25_3
Added Pin To Net: NetName=NetR28_1 Pin=R28-1
Added Pin To Net: NetName=NetR28_1 Pin=U6-26
Added Net: Name=NetR28_1
Added Pin To Net: NetName=USB_D+ Pin=U6-4
Added Net: Name=USB_D+
Added Pin To Net: NetName=USB_D- Pin=U6-5
Added Net: Name=USB_D-
Added Pin To Net: NetName=USB_D_N Pin=J2-2
Added Net: Name=USB_D_N
Added Pin To Net: NetName=USB_D_P Pin=J2-3
Added Net: Name=USB_D_P
Added Pin To Net: NetName=VCC Pin=C23-2
Added Pin To Net: NetName=VCC Pin=M9-1
Added Net: Name=VCC
Added Class: Name=Bluetooth
Added Class: Name=Decawave
Added Class: Name=RF
Added Class: Name=Wifi
Added Differential Pair: Name=USB_D
Added Room: Name=Bluetooth
Added Room: Name=Decawave
Added Room: Name=RF
Added Room: Name=Wifi
